<?xml version="1.0" encoding="UTF-8"?>
<!-- Generated by org.testng.reporters.JUnitReportReporter -->
<testsuite hostname="MacBook-Pro-cua-Thu.local" failures="0" tests="1" name="Testproject.TestNG" time="40.292" errors="0" timestamp="15 Apr 2022 08:56:23 GMT" skipped="0">
  <testcase classname="Testproject.TestNG" name="Search" time="40.292"/>
</testsuite> <!-- Testproject.TestNG -->
